mode: set
UlboraCmsAdmin/handlers/loginHandler.go:35.71,38.2 1 1
UlboraCmsAdmin/handlers/loginHandler.go:41.72,59.2 6 1
UlboraCmsAdmin/handlers/loginHandler.go:61.73,64.2 1 1
UlboraCmsAdmin/handlers/loginHandler.go:67.79,99.2 15 1
UlboraCmsAdmin/handlers/loginHandler.go:102.79,105.43 3 1
UlboraCmsAdmin/handlers/loginHandler.go:105.43,121.3 10 1
UlboraCmsAdmin/handlers/utilities.go:34.32,36.2 1 1
UlboraCmsAdmin/handlers/utilities.go:38.30,40.2 1 1
UlboraCmsAdmin/handlers/utilities.go:43.13,45.2 1 1
UlboraCmsAdmin/handlers/utilities.go:50.36,52.19 2 1
UlboraCmsAdmin/handlers/utilities.go:55.2,55.18 1 1
UlboraCmsAdmin/handlers/utilities.go:52.19,54.3 1 1
UlboraCmsAdmin/handlers/contentHandler.go:39.76,46.57 5 1
UlboraCmsAdmin/handlers/contentHandler.go:46.57,48.3 1 1
UlboraCmsAdmin/handlers/contentHandler.go:48.3,61.3 9 1
UlboraCmsAdmin/handlers/contentHandler.go:65.76,72.57 5 1
UlboraCmsAdmin/handlers/contentHandler.go:72.57,74.3 1 1
UlboraCmsAdmin/handlers/contentHandler.go:74.3,94.22 8 1
UlboraCmsAdmin/handlers/contentHandler.go:100.3,131.30 20 1
UlboraCmsAdmin/handlers/contentHandler.go:94.22,96.4 1 1
UlboraCmsAdmin/handlers/contentHandler.go:131.30,133.4 1 1
UlboraCmsAdmin/handlers/contentHandler.go:133.4,135.4 1 1
UlboraCmsAdmin/handlers/contentHandler.go:140.79,145.57 5 1
UlboraCmsAdmin/handlers/contentHandler.go:145.57,147.3 1 1
UlboraCmsAdmin/handlers/contentHandler.go:147.3,175.22 10 1
UlboraCmsAdmin/handlers/contentHandler.go:181.3,207.23 14 1
UlboraCmsAdmin/handlers/contentHandler.go:213.3,226.30 9 1
UlboraCmsAdmin/handlers/contentHandler.go:175.22,177.4 1 1
UlboraCmsAdmin/handlers/contentHandler.go:207.23,209.4 1 1
UlboraCmsAdmin/handlers/contentHandler.go:209.4,211.4 1 1
UlboraCmsAdmin/handlers/contentHandler.go:226.30,228.4 1 1
UlboraCmsAdmin/handlers/contentHandler.go:228.4,231.4 2 1
UlboraCmsAdmin/handlers/contentHandler.go:236.76,241.57 5 1
UlboraCmsAdmin/handlers/contentHandler.go:241.57,243.3 1 1
UlboraCmsAdmin/handlers/contentHandler.go:243.3,270.3 19 1
UlboraCmsAdmin/handlers/contentHandler.go:274.79,279.57 5 1
UlboraCmsAdmin/handlers/contentHandler.go:279.57,281.3 1 1
UlboraCmsAdmin/handlers/contentHandler.go:281.3,295.19 11 1
UlboraCmsAdmin/handlers/contentHandler.go:300.3,300.45 1 1
UlboraCmsAdmin/handlers/contentHandler.go:295.19,299.4 3 1
UlboraCmsAdmin/handlers/handler.go:52.82,55.67 3 1
UlboraCmsAdmin/handlers/handler.go:58.2,58.14 1 1
UlboraCmsAdmin/handlers/handler.go:55.67,57.3 1 1
UlboraCmsAdmin/handlers/handler.go:61.71,65.2 3 1
UlboraCmsAdmin/handlers/handler.go:67.28,69.34 2 1
UlboraCmsAdmin/handlers/handler.go:74.2,74.12 1 1
UlboraCmsAdmin/handlers/handler.go:69.34,71.3 1 1
UlboraCmsAdmin/handlers/handler.go:71.3,73.3 1 1
UlboraCmsAdmin/handlers/handler.go:77.36,79.43 2 1
UlboraCmsAdmin/handlers/handler.go:84.2,84.12 1 1
UlboraCmsAdmin/handlers/handler.go:79.43,81.3 1 1
UlboraCmsAdmin/handlers/handler.go:81.3,83.3 1 1
UlboraCmsAdmin/handlers/handler.go:87.60,90.18 3 1
UlboraCmsAdmin/handlers/handler.go:95.2,95.19 1 1
UlboraCmsAdmin/handlers/handler.go:90.18,92.3 1 1
UlboraCmsAdmin/handlers/handler.go:92.3,94.3 1 1
UlboraCmsAdmin/handlers/handler.go:98.88,100.16 2 1
UlboraCmsAdmin/handlers/handler.go:104.2,104.16 1 1
UlboraCmsAdmin/handlers/handler.go:100.16,103.3 2 1
UlboraCmsAdmin/handlers/handler.go:107.30,109.41 2 1
UlboraCmsAdmin/handlers/handler.go:117.2,117.12 1 1
UlboraCmsAdmin/handlers/handler.go:109.41,112.3 2 1
UlboraCmsAdmin/handlers/handler.go:112.3,112.44 1 1
UlboraCmsAdmin/handlers/handler.go:112.44,114.3 1 1
UlboraCmsAdmin/handlers/handler.go:114.3,116.3 1 1
UlboraCmsAdmin/handlers/handler.go:120.35,122.43 2 1
UlboraCmsAdmin/handlers/handler.go:127.2,127.12 1 1
UlboraCmsAdmin/handlers/handler.go:122.43,124.3 1 1
UlboraCmsAdmin/handlers/handler.go:124.3,126.3 1 1
UlboraCmsAdmin/handlers/handler.go:130.32,132.40 2 1
UlboraCmsAdmin/handlers/handler.go:137.2,137.12 1 1
UlboraCmsAdmin/handlers/handler.go:132.40,134.3 1 1
UlboraCmsAdmin/handlers/handler.go:134.3,136.3 1 1
UlboraCmsAdmin/handlers/handler.go:140.28,142.41 2 1
UlboraCmsAdmin/handlers/handler.go:150.2,150.12 1 1
UlboraCmsAdmin/handlers/handler.go:142.41,145.3 2 1
UlboraCmsAdmin/handlers/handler.go:145.3,145.42 1 1
UlboraCmsAdmin/handlers/handler.go:145.42,147.3 1 1
UlboraCmsAdmin/handlers/handler.go:147.3,149.3 1 1
UlboraCmsAdmin/handlers/handler.go:154.51,155.50 1 1
UlboraCmsAdmin/handlers/handler.go:155.50,157.3 1 1
UlboraCmsAdmin/handlers/handler.go:157.3,159.3 1 1
UlboraCmsAdmin/handlers/imageHandler.go:36.74,41.57 5 1
UlboraCmsAdmin/handlers/imageHandler.go:41.57,43.3 1 1
UlboraCmsAdmin/handlers/imageHandler.go:43.3,45.3 1 1
UlboraCmsAdmin/handlers/imageHandler.go:49.78,54.57 5 1
UlboraCmsAdmin/handlers/imageHandler.go:54.57,56.3 1 1
UlboraCmsAdmin/handlers/imageHandler.go:56.3,115.30 23 1
UlboraCmsAdmin/handlers/imageHandler.go:115.30,117.4 1 1
UlboraCmsAdmin/handlers/imageHandler.go:117.4,120.4 2 1
UlboraCmsAdmin/handlers/imageHandler.go:125.72,130.58 5 1
UlboraCmsAdmin/handlers/imageHandler.go:130.58,132.3 1 1
UlboraCmsAdmin/handlers/imageHandler.go:132.3,142.3 9 1
UlboraCmsAdmin/handlers/imageHandler.go:146.77,151.57 5 1
UlboraCmsAdmin/handlers/imageHandler.go:151.57,153.3 1 1
UlboraCmsAdmin/handlers/imageHandler.go:153.3,164.31 11 1
UlboraCmsAdmin/handlers/imageHandler.go:169.3,169.45 1 1
UlboraCmsAdmin/handlers/imageHandler.go:164.31,168.4 3 1
UlboraCmsAdmin/handlers/indexHandler.go:35.76,43.57 5 1
UlboraCmsAdmin/handlers/indexHandler.go:43.57,45.3 1 1
UlboraCmsAdmin/handlers/indexHandler.go:45.3,56.3 8 1
