mode: set
UlboraCmsAdmin/handlers/contentHandler.go:38.76,45.57 5 1
UlboraCmsAdmin/handlers/contentHandler.go:45.57,47.3 1 1
UlboraCmsAdmin/handlers/contentHandler.go:47.3,64.3 9 1
UlboraCmsAdmin/handlers/contentHandler.go:67.76,72.57 5 1
UlboraCmsAdmin/handlers/contentHandler.go:72.57,74.3 1 1
UlboraCmsAdmin/handlers/contentHandler.go:74.3,94.22 8 1
UlboraCmsAdmin/handlers/contentHandler.go:100.3,139.30 20 1
UlboraCmsAdmin/handlers/contentHandler.go:94.22,96.4 1 1
UlboraCmsAdmin/handlers/contentHandler.go:139.30,148.4 1 1
UlboraCmsAdmin/handlers/contentHandler.go:148.4,150.4 1 1
UlboraCmsAdmin/handlers/contentHandler.go:154.79,159.57 5 1
UlboraCmsAdmin/handlers/contentHandler.go:159.57,161.3 1 1
UlboraCmsAdmin/handlers/contentHandler.go:161.3,189.22 10 1
UlboraCmsAdmin/handlers/contentHandler.go:195.3,221.23 14 1
UlboraCmsAdmin/handlers/contentHandler.go:227.3,245.30 9 1
UlboraCmsAdmin/handlers/contentHandler.go:189.22,191.4 1 1
UlboraCmsAdmin/handlers/contentHandler.go:221.23,223.4 1 1
UlboraCmsAdmin/handlers/contentHandler.go:223.4,225.4 1 1
UlboraCmsAdmin/handlers/contentHandler.go:245.30,254.4 1 1
UlboraCmsAdmin/handlers/contentHandler.go:254.4,257.4 2 1
UlboraCmsAdmin/handlers/contentHandler.go:261.76,266.57 5 1
UlboraCmsAdmin/handlers/contentHandler.go:266.57,268.3 1 1
UlboraCmsAdmin/handlers/contentHandler.go:268.3,297.3 19 1
UlboraCmsAdmin/handlers/contentHandler.go:300.79,307.57 5 1
UlboraCmsAdmin/handlers/contentHandler.go:307.57,309.3 1 1
UlboraCmsAdmin/handlers/contentHandler.go:309.3,333.19 11 1
UlboraCmsAdmin/handlers/contentHandler.go:351.3,351.45 1 1
UlboraCmsAdmin/handlers/contentHandler.go:333.19,337.4 3 1
UlboraCmsAdmin/handlers/handler.go:51.82,54.67 3 1
UlboraCmsAdmin/handlers/handler.go:57.2,57.14 1 1
UlboraCmsAdmin/handlers/handler.go:54.67,56.3 1 1
UlboraCmsAdmin/handlers/handler.go:60.71,64.2 3 1
UlboraCmsAdmin/handlers/handler.go:66.28,68.34 2 1
UlboraCmsAdmin/handlers/handler.go:73.2,73.12 1 1
UlboraCmsAdmin/handlers/handler.go:68.34,70.3 1 1
UlboraCmsAdmin/handlers/handler.go:70.3,72.3 1 1
UlboraCmsAdmin/handlers/handler.go:76.36,78.43 2 1
UlboraCmsAdmin/handlers/handler.go:83.2,83.12 1 1
UlboraCmsAdmin/handlers/handler.go:78.43,80.3 1 1
UlboraCmsAdmin/handlers/handler.go:80.3,82.3 1 1
UlboraCmsAdmin/handlers/handler.go:86.60,89.18 3 1
UlboraCmsAdmin/handlers/handler.go:94.2,94.19 1 1
UlboraCmsAdmin/handlers/handler.go:89.18,91.3 1 1
UlboraCmsAdmin/handlers/handler.go:91.3,93.3 1 1
UlboraCmsAdmin/handlers/handler.go:97.88,99.16 2 1
UlboraCmsAdmin/handlers/handler.go:103.2,103.16 1 1
UlboraCmsAdmin/handlers/handler.go:99.16,102.3 2 1
UlboraCmsAdmin/handlers/handler.go:106.30,108.41 2 1
UlboraCmsAdmin/handlers/handler.go:116.2,116.12 1 1
UlboraCmsAdmin/handlers/handler.go:108.41,111.3 2 1
UlboraCmsAdmin/handlers/handler.go:111.3,111.44 1 1
UlboraCmsAdmin/handlers/handler.go:111.44,113.3 1 1
UlboraCmsAdmin/handlers/handler.go:113.3,115.3 1 1
UlboraCmsAdmin/handlers/handler.go:119.35,121.43 2 1
UlboraCmsAdmin/handlers/handler.go:126.2,126.12 1 1
UlboraCmsAdmin/handlers/handler.go:121.43,123.3 1 1
UlboraCmsAdmin/handlers/handler.go:123.3,125.3 1 1
UlboraCmsAdmin/handlers/handler.go:129.32,131.40 2 1
UlboraCmsAdmin/handlers/handler.go:136.2,136.12 1 1
UlboraCmsAdmin/handlers/handler.go:131.40,133.3 1 1
UlboraCmsAdmin/handlers/handler.go:133.3,135.3 1 1
UlboraCmsAdmin/handlers/handler.go:139.28,141.41 2 1
UlboraCmsAdmin/handlers/handler.go:149.2,149.12 1 1
UlboraCmsAdmin/handlers/handler.go:141.41,144.3 2 1
UlboraCmsAdmin/handlers/handler.go:144.3,144.42 1 1
UlboraCmsAdmin/handlers/handler.go:144.42,146.3 1 1
UlboraCmsAdmin/handlers/handler.go:146.3,148.3 1 1
UlboraCmsAdmin/handlers/indexHandler.go:35.76,49.57 5 1
UlboraCmsAdmin/handlers/indexHandler.go:49.57,52.3 1 1
UlboraCmsAdmin/handlers/indexHandler.go:52.3,63.3 8 1
UlboraCmsAdmin/handlers/loginHandler.go:35.71,38.2 1 1
UlboraCmsAdmin/handlers/loginHandler.go:41.72,59.2 6 1
UlboraCmsAdmin/handlers/loginHandler.go:61.73,64.2 1 1
UlboraCmsAdmin/handlers/loginHandler.go:66.79,102.2 21 1
UlboraCmsAdmin/handlers/loginHandler.go:104.79,108.43 3 1
UlboraCmsAdmin/handlers/loginHandler.go:108.43,133.3 11 1
UlboraCmsAdmin/handlers/utilities.go:34.32,36.2 1 1
UlboraCmsAdmin/handlers/utilities.go:38.30,40.2 1 1
UlboraCmsAdmin/handlers/utilities.go:47.13,49.2 1 1
UlboraCmsAdmin/handlers/utilities.go:54.36,56.19 2 1
UlboraCmsAdmin/handlers/utilities.go:59.2,59.18 1 1
UlboraCmsAdmin/handlers/utilities.go:56.19,58.3 1 1
