mode: set
UlboraCmsAdmin/services/contentService.go:62.65,78.11 6 1
UlboraCmsAdmin/services/contentService.go:107.2,107.12 1 1
UlboraCmsAdmin/services/contentService.go:78.11,105.3 9 1
UlboraCmsAdmin/services/contentService.go:111.68,119.11 6 1
UlboraCmsAdmin/services/contentService.go:167.2,167.12 1 1
UlboraCmsAdmin/services/contentService.go:119.11,129.3 9 1
UlboraCmsAdmin/services/contentService.go:171.72,178.11 6 1
UlboraCmsAdmin/services/contentService.go:222.2,222.12 1 1
UlboraCmsAdmin/services/contentService.go:178.11,188.3 9 1
UlboraCmsAdmin/services/contentService.go:226.74,232.11 4 1
UlboraCmsAdmin/services/contentService.go:276.2,276.12 1 1
UlboraCmsAdmin/services/contentService.go:232.11,245.3 5 1
UlboraCmsAdmin/services/contentService.go:280.69,285.11 4 1
UlboraCmsAdmin/services/contentService.go:342.2,342.13 1 1
UlboraCmsAdmin/services/contentService.go:285.11,290.22 5 1
UlboraCmsAdmin/services/contentService.go:290.22,300.39 2 1
UlboraCmsAdmin/services/contentService.go:300.39,302.5 1 1
UlboraCmsAdmin/services/contentService.go:346.107,352.11 5 1
UlboraCmsAdmin/services/contentService.go:436.2,436.21 1 1
UlboraCmsAdmin/services/contentService.go:352.11,358.22 5 1
UlboraCmsAdmin/services/contentService.go:358.22,362.14 3 1
UlboraCmsAdmin/services/contentService.go:385.4,385.39 1 1
UlboraCmsAdmin/services/contentService.go:362.14,367.5 4 1
UlboraCmsAdmin/services/contentService.go:385.39,387.5 1 1
UlboraCmsAdmin/services/contentService.go:440.61,445.11 4 1
UlboraCmsAdmin/services/contentService.go:484.2,484.12 1 1
UlboraCmsAdmin/services/contentService.go:445.11,455.3 9 1
UlboraCmsAdmin/services/contentService.go:487.42,490.16 3 1
UlboraCmsAdmin/services/contentService.go:495.2,495.12 1 1
UlboraCmsAdmin/services/contentService.go:490.16,492.3 1 1
UlboraCmsAdmin/services/contentService.go:492.3,494.3 1 1
UlboraCmsAdmin/services/imageService.go:59.69,72.11 11 1
UlboraCmsAdmin/services/imageService.go:114.2,114.12 1 1
UlboraCmsAdmin/services/imageService.go:72.11,80.3 7 1
UlboraCmsAdmin/services/imageService.go:118.43,123.11 4 1
UlboraCmsAdmin/services/imageService.go:158.2,158.13 1 1
UlboraCmsAdmin/services/imageService.go:123.11,129.3 5 1
UlboraCmsAdmin/services/imageService.go:162.62,167.11 4 1
UlboraCmsAdmin/services/imageService.go:204.2,204.12 1 1
UlboraCmsAdmin/services/imageService.go:167.11,175.3 7 1
UlboraCmsAdmin/services/imageService.go:207.33,212.2 4 1
UlboraCmsAdmin/services/imageService.go:214.37,218.2 3 1
